<?xml version="1.0" encoding="UTF-8" ?>
<testsuites disabled="0" errors="0" failures="0" tests="4" time="17.964">
 <testsuite name="Thuisbezorgd Case 1 &amp; 2" timestamp="2020-10-12T18:04:06" hostname="localhost" time="17.964" errors="0" tests="4" skipped="0" disabled="0" failures="0">
  <testcase classname="Thuisbezorgd Case 1 &amp; 2" name="Open Dashboard Page" time="1.386" />
  <testcase classname="Thuisbezorgd Case 1 &amp; 2" name="Set Address" time="8.02" />
  <testcase classname="Thuisbezorgd Case 1 &amp; 2" name="Search And Select Restauratns" time="6.218" />
  <testcase classname="Thuisbezorgd Case 1 &amp; 2" name="Fill Customer form to order and pay" time="2.338" />
 </testsuite>
</testsuites>